<?xml version="1.0" encoding="UTF-8"?>
<testng-results skipped="0" failed="0" ignored="0" total="1" passed="1">
  <reporter-output>
  </reporter-output>
  <suite name="Default suite" duration-ms="19594" started-at="2019-08-20T21:40:09Z" finished-at="2019-08-20T21:40:28Z">
    <groups>
    </groups>
    <test name="Default test" duration-ms="19594" started-at="2019-08-20T21:40:09Z" finished-at="2019-08-20T21:40:28Z">
      <class name="test.Test1">
        <test-method status="PASS" signature="beforeMethodSetup()[pri:0, instance:test.Test1@42d80b78]" name="beforeMethodSetup" is-config="true" duration-ms="8079" started-at="2019-08-20T21:40:09Z" finished-at="2019-08-20T21:40:17Z">
          <reporter-output>
          </reporter-output>
        </test-method> <!-- beforeMethodSetup -->
        <test-method status="PASS" signature="prueba(entities.Sku)[pri:0, instance:test.Test1@42d80b78]" name="prueba" duration-ms="11429" started-at="2019-08-20T21:40:17Z" data-provider="producto" finished-at="2019-08-20T21:40:28Z">
          <params>
            <param index="0">
              <value>
                <![CDATA[entities.Sku@1a5a4e19]]>
              </value>
            </param>
          </params>
          <reporter-output>
          </reporter-output>
        </test-method> <!-- prueba -->
      </class> <!-- test.Test1 -->
    </test> <!-- Default test -->
  </suite> <!-- Default suite -->
</testng-results>
